This is ApacheBench, Version 2.3 <$Revision: 1663405 $>
Copyright 1996 Adam Twiss, Zeus Technology Ltd, http://www.zeustech.net/
Licensed to The Apache Software Foundation, http://www.apache.org/

Benchmarking localhost (be patient)


Server Software:        
Server Hostname:        localhost
Server Port:            8153

Document Path:          /go/pipelines.json
Document Length:        33945 bytes

Concurrency Level:      1
Time taken for tests:   5.222 seconds
Complete requests:      1000
Failed requests:        0
Total transferred:      34508925 bytes
HTML transferred:       33945000 bytes
Requests per second:    191.51 [#/sec] (mean)
Time per request:       5.222 [ms] (mean)
Time per request:       5.222 [ms] (mean, across all concurrent requests)
Transfer rate:          6453.96 [Kbytes/sec] received

Connection Times (ms)
              min  mean[+/-sd] median   max
Connect:        0    0   0.0      0       1
Processing:     4    5   4.2      4     127
Waiting:        4    5   4.2      4     127
Total:          4    5   4.2      4     128

Percentage of the requests served within a certain time (ms)
  50%      4
  66%      5
  75%      5
  80%      6
  90%      7
  95%      8
  98%     10
  99%     12
 100%    128 (longest request)
