This is ApacheBench, Version 2.3 <$Revision: 1663405 $>
Copyright 1996 Adam Twiss, Zeus Technology Ltd, http://www.zeustech.net/
Licensed to The Apache Software Foundation, http://www.apache.org/

Benchmarking localhost (be patient)


Server Software:        
Server Hostname:        localhost
Server Port:            8153

Document Path:          /go/pipelines.json
Document Length:        31803 bytes

Concurrency Level:      1
Time taken for tests:   4.346 seconds
Complete requests:      1000
Failed requests:        0
Total transferred:      32366940 bytes
HTML transferred:       31803000 bytes
Requests per second:    230.10 [#/sec] (mean)
Time per request:       4.346 [ms] (mean)
Time per request:       4.346 [ms] (mean, across all concurrent requests)
Transfer rate:          7273.13 [Kbytes/sec] received

Connection Times (ms)
              min  mean[+/-sd] median   max
Connect:        0    0   0.0      0       0
Processing:     4    4   1.1      4      23
Waiting:        4    4   1.1      4      23
Total:          4    4   1.1      4      23

Percentage of the requests served within a certain time (ms)
  50%      4
  66%      4
  75%      4
  80%      4
  90%      5
  95%      5
  98%      7
  99%     10
 100%     23 (longest request)
