This is ApacheBench, Version 2.3 <$Revision: 1663405 $>
Copyright 1996 Adam Twiss, Zeus Technology Ltd, http://www.zeustech.net/
Licensed to The Apache Software Foundation, http://www.apache.org/

Benchmarking localhost (be patient)


Server Software:        
Server Hostname:        localhost
Server Port:            8153

Document Path:          /go/pipelines.json
Document Length:        31803 bytes

Concurrency Level:      20
Time taken for tests:   1.591 seconds
Complete requests:      1000
Failed requests:        0
Total transferred:      32366906 bytes
HTML transferred:       31803000 bytes
Requests per second:    628.56 [#/sec] (mean)
Time per request:       31.819 [ms] (mean)
Time per request:       1.591 [ms] (mean, across all concurrent requests)
Transfer rate:          19867.80 [Kbytes/sec] received

Connection Times (ms)
              min  mean[+/-sd] median   max
Connect:        0    1   0.6      0       6
Processing:     8   31  32.0     17     177
Waiting:        8   30  31.6     17     176
Total:          8   32  32.0     18     178
WARNING: The median and mean for the initial connection time are not within a normal deviation
        These results are probably not that reliable.

Percentage of the requests served within a certain time (ms)
  50%     18
  66%     24
  75%     31
  80%     40
  90%     82
  95%    114
  98%    135
  99%    141
 100%    178 (longest request)
