This is ApacheBench, Version 2.3 <$Revision: 1663405 $>
Copyright 1996 Adam Twiss, Zeus Technology Ltd, http://www.zeustech.net/
Licensed to The Apache Software Foundation, http://www.apache.org/

Benchmarking localhost (be patient)


Server Software:        
Server Hostname:        localhost
Server Port:            8153

Document Path:          /go/admin/pipelines/aaaaa/stages/defaultStage/settings
Document Length:        1266 bytes

Concurrency Level:      20
Time taken for tests:   1.122 seconds
Complete requests:      1000
Failed requests:        0
Non-2xx responses:      1000
Total transferred:      1603936 bytes
HTML transferred:       1266000 bytes
Requests per second:    891.35 [#/sec] (mean)
Time per request:       22.438 [ms] (mean)
Time per request:       1.122 [ms] (mean, across all concurrent requests)
Transfer rate:          1396.17 [Kbytes/sec] received

Connection Times (ms)
              min  mean[+/-sd] median   max
Connect:        0    0   0.4      0       4
Processing:     5   22  17.2     16     146
Waiting:        5   22  17.2     16     146
Total:          6   22  17.2     17     146

Percentage of the requests served within a certain time (ms)
  50%     17
  66%     26
  75%     32
  80%     36
  90%     48
  95%     55
  98%     66
  99%     73
 100%    146 (longest request)
