This is ApacheBench, Version 2.3 <$Revision: 1663405 $>
Copyright 1996 Adam Twiss, Zeus Technology Ltd, http://www.zeustech.net/
Licensed to The Apache Software Foundation, http://www.apache.org/

Benchmarking localhost (be patient)


Server Software:        
Server Hostname:        localhost
Server Port:            8153

Document Path:          /go/admin/pipelines/aaaaa/stages/defaultStage/settings
Document Length:        1266 bytes

Concurrency Level:      1
Time taken for tests:   4.772 seconds
Complete requests:      1000
Failed requests:        0
Non-2xx responses:      1000
Total transferred:      1603914 bytes
HTML transferred:       1266000 bytes
Requests per second:    209.55 [#/sec] (mean)
Time per request:       4.772 [ms] (mean)
Time per request:       4.772 [ms] (mean, across all concurrent requests)
Transfer rate:          328.22 [Kbytes/sec] received

Connection Times (ms)
              min  mean[+/-sd] median   max
Connect:        0    0   0.0      0       0
Processing:     4    5   1.1      4      16
Waiting:        4    5   1.1      4      16
Total:          4    5   1.1      4      16

Percentage of the requests served within a certain time (ms)
  50%      4
  66%      5
  75%      5
  80%      5
  90%      5
  95%      6
  98%      7
  99%     11
 100%     16 (longest request)
