This is ApacheBench, Version 2.3 <$Revision: 1663405 $>
Copyright 1996 Adam Twiss, Zeus Technology Ltd, http://www.zeustech.net/
Licensed to The Apache Software Foundation, http://www.apache.org/

Benchmarking localhost (be patient)


Server Software:        
Server Hostname:        localhost
Server Port:            8153

Document Path:          /go/admin/pipelines/hello/stages/defaultStage/settings
Document Length:        15118 bytes

Concurrency Level:      20
Time taken for tests:   3.775 seconds
Complete requests:      1000
Failed requests:        0
Total transferred:      15674938 bytes
HTML transferred:       15118000 bytes
Requests per second:    264.87 [#/sec] (mean)
Time per request:       75.510 [ms] (mean)
Time per request:       3.775 [ms] (mean, across all concurrent requests)
Transfer rate:          4054.45 [Kbytes/sec] received

Connection Times (ms)
              min  mean[+/-sd] median   max
Connect:        0    0   0.3      0       5
Processing:    12   75 184.3     45    1359
Waiting:       12   74 184.3     45    1359
Total:         12   75 184.3     45    1359

Percentage of the requests served within a certain time (ms)
  50%     45
  66%     58
  75%     67
  80%     73
  90%     94
  95%    114
  98%   1340
  99%   1350
 100%   1359 (longest request)
