This is ApacheBench, Version 2.3 <$Revision: 1663405 $>
Copyright 1996 Adam Twiss, Zeus Technology Ltd, http://www.zeustech.net/
Licensed to The Apache Software Foundation, http://www.apache.org/

Benchmarking localhost (be patient)


Server Software:        
Server Hostname:        localhost
Server Port:            8153

Document Path:          /go/admin/pipelines/hello/stages/defaultStage/settings
Document Length:        15118 bytes

Concurrency Level:      1
Time taken for tests:   9.800 seconds
Complete requests:      1000
Failed requests:        0
Total transferred:      15674929 bytes
HTML transferred:       15118000 bytes
Requests per second:    102.04 [#/sec] (mean)
Time per request:       9.800 [ms] (mean)
Time per request:       9.800 [ms] (mean, across all concurrent requests)
Transfer rate:          1561.96 [Kbytes/sec] received

Connection Times (ms)
              min  mean[+/-sd] median   max
Connect:        0    0   0.0      0       0
Processing:     8   10   2.1      9      38
Waiting:        8   10   2.1      9      37
Total:          8   10   2.1      9      38

Percentage of the requests served within a certain time (ms)
  50%      9
  66%     10
  75%     10
  80%     10
  90%     11
  95%     12
  98%     15
  99%     17
 100%     38 (longest request)
